Using pre-set license
Built from '2020.3/china_unity/release' branch; Version is '2020.3.30f1c1 (b9cd9c36b8f8) revision 12176796'; Using compiler version '192528614'; Build Type 'Release'
OS: 'Windows 10  (10.0.19044) 64bit Professional' Language: 'zh' Physical Memory: 8026 MB
BatchMode: 1, IsHumanControllingUs: 0, StartBugReporterOnCrash: 0, Is64bit: 1, IsPro: 0

COMMAND LINE ARGUMENTS:
D:\Unity\editor\2020.3.30f1c1\Editor\Unity.exe
-adb2
-batchMode
-noUpm
-name
AssetImportWorker0
-projectPath
D:/gitclone/YesOrNo/project
-logFile
Logs/AssetImportWorker0.log
-srvPort
53112
Successfully changed project path to: D:/gitclone/YesOrNo/project
D:/gitclone/YesOrNo/project
Using Asset Import Pipeline V2.
AS: AutoStreaming module initializing.Refreshing native plugins compatible for Editor in 55.86 ms, found 3 plugins.
Preloading 0 native plugins for Editor in 0.00 ms.
Initialize engine version: 2020.3.30f1c1 (b9cd9c36b8f8)
[Subsystems] Discovering subsystems at path D:/Unity/editor/2020.3.30f1c1/Editor/Data/Resources/UnitySubsystems
[Subsystems] Discovering subsystems at path D:/gitclone/YesOrNo/project/Assets
GfxDevice: creating device client; threaded=0
Direct3D:
    Version:  Direct3D 11.0 [level 11.1]
    Renderer: NVIDIA GeForce MX150 (ID=0x1d12)
    Vendor:   
    VRAM:     1983 MB
    Driver:   30.0.15.1179
Initialize mono
Mono path[0] = 'D:/Unity/editor/2020.3.30f1c1/Editor/Data/Managed'
Mono path[1] = 'D:/Unity/editor/2020.3.30f1c1/Editor/Data/MonoBleedingEdge/lib/mono/unityjit'
Mono config path = 'D:/Unity/editor/2020.3.30f1c1/Editor/Data/MonoBleedingEdge/etc'
Using monoOptions --debugger-agent=transport=dt_socket,embedding=1,server=y,suspend=n,address=127.0.0.1:56692
Begin MonoManager ReloadAssembly
Registering precompiled unity dll's ...
Register platform support module: D:/Unity/editor/2020.3.30f1c1/Editor/Data/PlaybackEngines/WindowsStandaloneSupport/UnityEditor.WindowsStandalone.Extensions.dll
Registered in 0.001245 seconds.
Native extension for WindowsStandalone target not found
Refreshing native plugins compatible for Editor in 54.35 ms, found 3 plugins.
Preloading 0 native plugins for Editor in 0.00 ms.
Mono: successfully reloaded assembly
- Completed reload, in  0.587 seconds
Domain Reload Profiling:
	ReloadAssembly (588ms)
		BeginReloadAssembly (66ms)
			ExecutionOrderSort (0ms)
			DisableScriptedObjects (0ms)
			BackupInstance (0ms)
			ReleaseScriptingObjects (0ms)
			CreateAndSetChildDomain (1ms)
		EndReloadAssembly (455ms)
			LoadAssemblies (65ms)
			RebuildTransferFunctionScriptingTraits (0ms)
			SetupTypeCache (148ms)
			ReleaseScriptCaches (0ms)
			RebuildScriptCaches (31ms)
			SetupLoadedEditorAssemblies (177ms)
				LogAssemblyErrors (0ms)
				InitializePlatformSupportModulesInManaged (4ms)
				SetLoadedEditorAssemblies (0ms)
				RefreshPlugins (54ms)
				BeforeProcessingInitializeOnLoad (16ms)
				ProcessInitializeOnLoadAttributes (75ms)
				ProcessInitializeOnLoadMethodAttributes (27ms)
				AfterProcessingInitializeOnLoad (0ms)
				EditorAssembliesLoaded (0ms)
			ExecutionOrderSort2 (0ms)
			AwakeInstancesAfterBackupRestoration (0ms)
Platform modules already initialized, skipping
Registering precompiled user dll's ...
Registered in 0.007023 seconds.
Begin MonoManager ReloadAssembly
Native extension for WindowsStandalone target not found
Refreshing native plugins compatible for Editor in 52.71 ms, found 3 plugins.
Preloading 0 native plugins for Editor in 0.00 ms.
Mono: successfully reloaded assembly
- Completed reload, in  1.177 seconds
Domain Reload Profiling:
	ReloadAssembly (1177ms)
		BeginReloadAssembly (153ms)
			ExecutionOrderSort (0ms)
			DisableScriptedObjects (5ms)
			BackupInstance (0ms)
			ReleaseScriptingObjects (0ms)
			CreateAndSetChildDomain (21ms)
		EndReloadAssembly (972ms)
			LoadAssemblies (108ms)
			RebuildTransferFunctionScriptingTraits (0ms)
			SetupTypeCache (329ms)
			ReleaseScriptCaches (1ms)
			RebuildScriptCaches (70ms)
			SetupLoadedEditorAssemblies (356ms)
				LogAssemblyErrors (0ms)
				InitializePlatformSupportModulesInManaged (3ms)
				SetLoadedEditorAssemblies (0ms)
				RefreshPlugins (53ms)
				BeforeProcessingInitializeOnLoad (82ms)
				ProcessInitializeOnLoadAttributes (202ms)
				ProcessInitializeOnLoadMethodAttributes (13ms)
				AfterProcessingInitializeOnLoad (2ms)
				EditorAssembliesLoaded (0ms)
			ExecutionOrderSort2 (0ms)
			AwakeInstancesAfterBackupRestoration (6ms)
Platform modules already initialized, skipping
========================================================================
Worker process is ready to serve import requests
Launched and connected shader compiler UnityShaderCompiler.exe after 0.06 seconds
Refreshing native plugins compatible for Editor in 0.64 ms, found 3 plugins.
Preloading 0 native plugins for Editor in 0.00 ms.
Unloading 2963 Unused Serialized files (Serialized files now loaded: 0)
System memory in use before: 122.5 MB.
System memory in use after: 122.7 MB.

Unloading 32 unused Assets to reduce memory usage. Loaded Objects now: 3390.
Total: 3.858100 ms (FindLiveObjects: 0.250300 ms CreateObjectMapping: 0.102000 ms MarkObjects: 3.364000 ms  DeleteObjects: 0.140600 ms)

AssetImportParameters requested are different than current active one (requested -> active):
  custom:framework-win-MediaFoundation: 216162199b28c13a410421893ffa2e32 -> 
  custom:video-decoder-ogg-theora: a1e56fd34408186e4bbccfd4996cb3dc -> 
  custom:container-muxer-webm: aa71ff27fc2769a1b78a27578f13a17b -> 
  custom:container-demuxer-webm: 4f35f7cbe854078d1ac9338744f61a02 -> 
  custom:container-demuxer-ogg: 62fdf1f143b41e24485cea50d1cbac27 -> 
  custom:video-encoder-webm-vp8: eb34c28f22e8b96e1ab97ce403110664 -> 
  custom:video-codec-MediaFoundation-h265: 746d11721c4dcdbdad8f713fa42b33f4 -> 
  custom:video-decoder-webm-vp8: 9c59270c3fd7afecdb556c50c9e8de78 -> 
  custom:audio-decoder-ogg-vorbis: bf7c407c2cedff20999df2af8eb42d56 -> 
  custom:audio-encoder-webm-vorbis: bf7c407c2cedff20999df2af8eb42d56 -> 
========================================================================
Received Import Request.
  path: Assets/Scripts/Items/3005-1.asset
  artifactKey: Guid(216696d79c90aa844bdc6fce8e2489d3) Importer(815301076,1909f56bfc062723c751e8b465ee728b)
Start importing Assets/Scripts/Items/3005-1.asset using Guid(216696d79c90aa844bdc6fce8e2489d3) Importer(815301076,1909f56bfc062723c751e8b465ee728b)  -> (artifact id: '23418a4dca6736d2b6b51da57edb7b82') in 0.047392 seconds 
========================================================================
Received Import Request.
  Time since last request: 0.000425 seconds.
  path: Assets/Scripts/Items/3005-2.asset
  artifactKey: Guid(d08106f1d0b1ed14d93b71a1d1232874) Importer(815301076,1909f56bfc062723c751e8b465ee728b)
Start importing Assets/Scripts/Items/3005-2.asset using Guid(d08106f1d0b1ed14d93b71a1d1232874) Importer(815301076,1909f56bfc062723c751e8b465ee728b)  -> (artifact id: '3176b877f89c9414a1e394cb24fa33e0') in 0.004474 seconds 
========================================================================
Received Import Request.
  Time since last request: 0.000346 seconds.
  path: Assets/Scripts/myBag.asset
  artifactKey: Guid(875388472a72a7340bf01a6a446c45be) Importer(815301076,1909f56bfc062723c751e8b465ee728b)
Start importing Assets/Scripts/myBag.asset using Guid(875388472a72a7340bf01a6a446c45be) Importer(815301076,1909f56bfc062723c751e8b465ee728b)  -> (artifact id: 'c04ee2e2923afc89295da6930b00dd84') in 0.004196 seconds 
========================================================================
Received Import Request.
  Time since last request: 0.457321 seconds.
  path: Assets/Scripts/Items/3005-3.asset
  artifactKey: Guid(1b1ed68d7d42d914a995c9dc4273455e) Importer(815301076,1909f56bfc062723c751e8b465ee728b)
Start importing Assets/Scripts/Items/3005-3.asset using Guid(1b1ed68d7d42d914a995c9dc4273455e) Importer(815301076,1909f56bfc062723c751e8b465ee728b)  -> (artifact id: '5a5059709bf67a59b49459e353934b48') in 0.004158 seconds 
========================================================================
Received Import Request.
  Time since last request: 0.755001 seconds.
  path: Assets/Scripts/Items/3005-4.asset
  artifactKey: Guid(8a682ceab65b36c4eacba5e0c71bcc0f) Importer(815301076,1909f56bfc062723c751e8b465ee728b)
Start importing Assets/Scripts/Items/3005-4.asset using Guid(8a682ceab65b36c4eacba5e0c71bcc0f) Importer(815301076,1909f56bfc062723c751e8b465ee728b)  -> (artifact id: '138736373f848e796ca9ebb8a40195c7') in 0.004812 seconds 
========================================================================
Received Import Request.
  Time since last request: 0.694040 seconds.
  path: Assets/Scripts/Items/3005-5-0.1.asset
  artifactKey: Guid(88c403380af751f4da5739bfd1d4c83b) Importer(815301076,1909f56bfc062723c751e8b465ee728b)
Start importing Assets/Scripts/Items/3005-5-0.1.asset using Guid(88c403380af751f4da5739bfd1d4c83b) Importer(815301076,1909f56bfc062723c751e8b465ee728b)  -> (artifact id: '93f3da3cbb1548816f3fb549b1d2ff08') in 0.004741 seconds 
========================================================================
Received Import Request.
  Time since last request: 0.712853 seconds.
  path: Assets/Scripts/Items/3005-5-0.5.asset
  artifactKey: Guid(aa265d30eee85904c99dce547c8c2b61) Importer(815301076,1909f56bfc062723c751e8b465ee728b)
Start importing Assets/Scripts/Items/3005-5-0.5.asset using Guid(aa265d30eee85904c99dce547c8c2b61) Importer(815301076,1909f56bfc062723c751e8b465ee728b)  -> (artifact id: 'a5fa4a30c417524ec7f3a255253a10ee') in 0.004534 seconds 
========================================================================
Received Import Request.
  Time since last request: 0.677016 seconds.
  path: Assets/Scripts/Items/item1.asset
  artifactKey: Guid(6bc6faefc5e9e984bacd429c71a63601) Importer(815301076,1909f56bfc062723c751e8b465ee728b)
Start importing Assets/Scripts/Items/item1.asset using Guid(6bc6faefc5e9e984bacd429c71a63601) Importer(815301076,1909f56bfc062723c751e8b465ee728b)  -> (artifact id: 'd434cd0c37ddba14852d36d4f91119e0') in 0.003940 seconds 
========================================================================
Received Import Request.
  Time since last request: 0.708144 seconds.
  path: Assets/Scripts/Items/item2.asset
  artifactKey: Guid(69d2b332fa8d82543b6f0ebf28af6dc3) Importer(815301076,1909f56bfc062723c751e8b465ee728b)
Start importing Assets/Scripts/Items/item2.asset using Guid(69d2b332fa8d82543b6f0ebf28af6dc3) Importer(815301076,1909f56bfc062723c751e8b465ee728b)  -> (artifact id: '90ef78f01abe0e41bdb2610e8c4ed2fd') in 0.004589 seconds 
========================================================================
Received Import Request.
  Time since last request: 0.758515 seconds.
  path: Assets/Scripts/Items/item3-0.5.asset
  artifactKey: Guid(49f51aad9699eb24ab50e7a02d344071) Importer(815301076,1909f56bfc062723c751e8b465ee728b)
Start importing Assets/Scripts/Items/item3-0.5.asset using Guid(49f51aad9699eb24ab50e7a02d344071) Importer(815301076,1909f56bfc062723c751e8b465ee728b)  -> (artifact id: '78582430289689f7b840152b5e375f0f') in 0.005268 seconds 
========================================================================
Received Import Request.
  Time since last request: 0.733413 seconds.
  path: Assets/Scripts/Items/item3.asset
  artifactKey: Guid(0363c846502a0b94399ba2a8cc94d08c) Importer(815301076,1909f56bfc062723c751e8b465ee728b)
Start importing Assets/Scripts/Items/item3.asset using Guid(0363c846502a0b94399ba2a8cc94d08c) Importer(815301076,1909f56bfc062723c751e8b465ee728b)  -> (artifact id: '175ffdc43879dda02e5689f3eede099e') in 0.004131 seconds 
========================================================================
Received Import Request.
  Time since last request: 0.729776 seconds.
  path: Assets/Scripts/Items/item4.asset
  artifactKey: Guid(703d9c282006880488cea1d93bc09ff6) Importer(815301076,1909f56bfc062723c751e8b465ee728b)
Start importing Assets/Scripts/Items/item4.asset using Guid(703d9c282006880488cea1d93bc09ff6) Importer(815301076,1909f56bfc062723c751e8b465ee728b)  -> (artifact id: '8e8df962e74c94504a1f525bd9bc1f5d') in 0.004451 seconds 
========================================================================
Received Import Request.
  Time since last request: 0.756594 seconds.
  path: Assets/Scripts/Items/item5.asset
  artifactKey: Guid(ef6c5e766cc4949418a162fb901c0df5) Importer(815301076,1909f56bfc062723c751e8b465ee728b)
Start importing Assets/Scripts/Items/item5.asset using Guid(ef6c5e766cc4949418a162fb901c0df5) Importer(815301076,1909f56bfc062723c751e8b465ee728b)  -> (artifact id: 'cbc6991c569b4e3c295de4db1f8b9ad6') in 0.004143 seconds 
========================================================================
Received Import Request.
  Time since last request: 0.491834 seconds.
  path: Assets/Scripts/Items/item6.asset
  artifactKey: Guid(4de48d14a1a4168439d6d6a507cf0538) Importer(815301076,1909f56bfc062723c751e8b465ee728b)
Start importing Assets/Scripts/Items/item6.asset using Guid(4de48d14a1a4168439d6d6a507cf0538) Importer(815301076,1909f56bfc062723c751e8b465ee728b)  -> (artifact id: 'adfd0cc64dfc2c1429be07e50be31868') in 0.005066 seconds 
========================================================================
Received Import Request.
  Time since last request: 0.905559 seconds.
  path: Assets/Scripts/Items/item8-0.1.asset
  artifactKey: Guid(3420b21c262565e4c8e82790ecbca3d6) Importer(815301076,1909f56bfc062723c751e8b465ee728b)
Start importing Assets/Scripts/Items/item8-0.1.asset using Guid(3420b21c262565e4c8e82790ecbca3d6) Importer(815301076,1909f56bfc062723c751e8b465ee728b)  -> (artifact id: '566dd6ea1dac03d6189fe11f422016cb') in 0.003959 seconds 
========================================================================
Received Import Request.
  Time since last request: 0.807705 seconds.
  path: Assets/Scripts/Items/item8-0.5.asset
  artifactKey: Guid(4f342c25f9733f34d9bde298b6ae7401) Importer(815301076,1909f56bfc062723c751e8b465ee728b)
Start importing Assets/Scripts/Items/item8-0.5.asset using Guid(4f342c25f9733f34d9bde298b6ae7401) Importer(815301076,1909f56bfc062723c751e8b465ee728b)  -> (artifact id: '09d5e516deddd1df08165277040d86c5') in 0.004318 seconds 
========================================================================
Received Import Request.
  Time since last request: 2.105205 seconds.
  path: Assets/Scripts/Items/item11.asset
  artifactKey: Guid(23ccae8596eb1284eb17a7d9c0a1fb43) Importer(815301076,1909f56bfc062723c751e8b465ee728b)
Start importing Assets/Scripts/Items/item11.asset using Guid(23ccae8596eb1284eb17a7d9c0a1fb43) Importer(815301076,1909f56bfc062723c751e8b465ee728b)  -> (artifact id: 'e4c9df665092ce40c63bc4e53785c2a5') in 0.005331 seconds 
========================================================================
Received Import Request.
  Time since last request: 0.680688 seconds.
  path: Assets/Scripts/Items/item9.asset
  artifactKey: Guid(751bb497bc022da4f860859717dcdf4e) Importer(815301076,1909f56bfc062723c751e8b465ee728b)
Start importing Assets/Scripts/Items/item9.asset using Guid(751bb497bc022da4f860859717dcdf4e) Importer(815301076,1909f56bfc062723c751e8b465ee728b)  -> (artifact id: '0c3bbe77fb221b6a222204c79a496de3') in 0.004505 seconds 
AssetImportWorkerClient::OnTransportError - code=2 error=End of file
