Using pre-set license
Built from '2020.3/china_unity/release' branch; Version is '2020.3.30f1c1 (b9cd9c36b8f8) revision 12176796'; Using compiler version '192528614'; Build Type 'Release'
OS: 'Windows 10  (10.0.19044) 64bit Professional' Language: 'zh' Physical Memory: 8026 MB
BatchMode: 1, IsHumanControllingUs: 0, StartBugReporterOnCrash: 0, Is64bit: 1, IsPro: 0

COMMAND LINE ARGUMENTS:
D:\Unity\editor\2020.3.30f1c1\Editor\Unity.exe
-adb2
-batchMode
-noUpm
-name
AssetImportWorker0
-projectPath
D:/gitclone/YesOrNo/project
-logFile
Logs/AssetImportWorker0.log
-srvPort
63813
Successfully changed project path to: D:/gitclone/YesOrNo/project
D:/gitclone/YesOrNo/project
Using Asset Import Pipeline V2.
AS: AutoStreaming module initializing.Refreshing native plugins compatible for Editor in 59.58 ms, found 3 plugins.
Preloading 0 native plugins for Editor in 0.00 ms.
Initialize engine version: 2020.3.30f1c1 (b9cd9c36b8f8)
[Subsystems] Discovering subsystems at path D:/Unity/editor/2020.3.30f1c1/Editor/Data/Resources/UnitySubsystems
[Subsystems] Discovering subsystems at path D:/gitclone/YesOrNo/project/Assets
GfxDevice: creating device client; threaded=0
Direct3D:
    Version:  Direct3D 11.0 [level 11.1]
    Renderer: NVIDIA GeForce MX150 (ID=0x1d12)
    Vendor:   
    VRAM:     1983 MB
    Driver:   30.0.15.1179
Initialize mono
Mono path[0] = 'D:/Unity/editor/2020.3.30f1c1/Editor/Data/Managed'
Mono path[1] = 'D:/Unity/editor/2020.3.30f1c1/Editor/Data/MonoBleedingEdge/lib/mono/unityjit'
Mono config path = 'D:/Unity/editor/2020.3.30f1c1/Editor/Data/MonoBleedingEdge/etc'
Using monoOptions --debugger-agent=transport=dt_socket,embedding=1,server=y,suspend=n,address=127.0.0.1:56532
Begin MonoManager ReloadAssembly
Registering precompiled unity dll's ...
Register platform support module: D:/Unity/editor/2020.3.30f1c1/Editor/Data/PlaybackEngines/WindowsStandaloneSupport/UnityEditor.WindowsStandalone.Extensions.dll
Registered in 0.001183 seconds.
Native extension for WindowsStandalone target not found
Refreshing native plugins compatible for Editor in 55.58 ms, found 3 plugins.
Preloading 0 native plugins for Editor in 0.00 ms.
Mono: successfully reloaded assembly
- Completed reload, in  0.621 seconds
Domain Reload Profiling:
	ReloadAssembly (621ms)
		BeginReloadAssembly (65ms)
			ExecutionOrderSort (0ms)
			DisableScriptedObjects (0ms)
			BackupInstance (0ms)
			ReleaseScriptingObjects (0ms)
			CreateAndSetChildDomain (1ms)
		EndReloadAssembly (487ms)
			LoadAssemblies (64ms)
			RebuildTransferFunctionScriptingTraits (0ms)
			SetupTypeCache (160ms)
			ReleaseScriptCaches (0ms)
			RebuildScriptCaches (33ms)
			SetupLoadedEditorAssemblies (191ms)
				LogAssemblyErrors (0ms)
				InitializePlatformSupportModulesInManaged (5ms)
				SetLoadedEditorAssemblies (0ms)
				RefreshPlugins (56ms)
				BeforeProcessingInitializeOnLoad (18ms)
				ProcessInitializeOnLoadAttributes (82ms)
				ProcessInitializeOnLoadMethodAttributes (29ms)
				AfterProcessingInitializeOnLoad (0ms)
				EditorAssembliesLoaded (0ms)
			ExecutionOrderSort2 (0ms)
			AwakeInstancesAfterBackupRestoration (0ms)
Platform modules already initialized, skipping
Registering precompiled user dll's ...
Registered in 0.005744 seconds.
Begin MonoManager ReloadAssembly
Native extension for WindowsStandalone target not found
Refreshing native plugins compatible for Editor in 55.75 ms, found 3 plugins.
Preloading 0 native plugins for Editor in 0.00 ms.
Mono: successfully reloaded assembly
- Completed reload, in  1.261 seconds
Domain Reload Profiling:
	ReloadAssembly (1262ms)
		BeginReloadAssembly (161ms)
			ExecutionOrderSort (0ms)
			DisableScriptedObjects (4ms)
			BackupInstance (0ms)
			ReleaseScriptingObjects (0ms)
			CreateAndSetChildDomain (21ms)
		EndReloadAssembly (1043ms)
			LoadAssemblies (116ms)
			RebuildTransferFunctionScriptingTraits (0ms)
			SetupTypeCache (362ms)
			ReleaseScriptCaches (1ms)
			RebuildScriptCaches (75ms)
			SetupLoadedEditorAssemblies (377ms)
				LogAssemblyErrors (0ms)
				InitializePlatformSupportModulesInManaged (4ms)
				SetLoadedEditorAssemblies (0ms)
				RefreshPlugins (56ms)
				BeforeProcessingInitializeOnLoad (79ms)
				ProcessInitializeOnLoadAttributes (220ms)
				ProcessInitializeOnLoadMethodAttributes (14ms)
				AfterProcessingInitializeOnLoad (2ms)
				EditorAssembliesLoaded (0ms)
			ExecutionOrderSort2 (0ms)
			AwakeInstancesAfterBackupRestoration (6ms)
Platform modules already initialized, skipping
========================================================================
Worker process is ready to serve import requests
Launched and connected shader compiler UnityShaderCompiler.exe after 0.06 seconds
Refreshing native plugins compatible for Editor in 0.66 ms, found 3 plugins.
Preloading 0 native plugins for Editor in 0.00 ms.
Unloading 2963 Unused Serialized files (Serialized files now loaded: 0)
System memory in use before: 122.5 MB.
System memory in use after: 122.7 MB.

Unloading 32 unused Assets to reduce memory usage. Loaded Objects now: 3390.
Total: 3.299100 ms (FindLiveObjects: 0.257500 ms CreateObjectMapping: 0.125700 ms MarkObjects: 2.819800 ms  DeleteObjects: 0.095300 ms)

AssetImportParameters requested are different than current active one (requested -> active):
  custom:framework-win-MediaFoundation: 216162199b28c13a410421893ffa2e32 -> 
  custom:video-decoder-ogg-theora: a1e56fd34408186e4bbccfd4996cb3dc -> 
  custom:container-muxer-webm: aa71ff27fc2769a1b78a27578f13a17b -> 
  custom:container-demuxer-webm: 4f35f7cbe854078d1ac9338744f61a02 -> 
  custom:container-demuxer-ogg: 62fdf1f143b41e24485cea50d1cbac27 -> 
  custom:video-encoder-webm-vp8: eb34c28f22e8b96e1ab97ce403110664 -> 
  custom:video-codec-MediaFoundation-h265: 746d11721c4dcdbdad8f713fa42b33f4 -> 
  custom:video-decoder-webm-vp8: 9c59270c3fd7afecdb556c50c9e8de78 -> 
  custom:audio-decoder-ogg-vorbis: bf7c407c2cedff20999df2af8eb42d56 -> 
  custom:audio-encoder-webm-vorbis: bf7c407c2cedff20999df2af8eb42d56 -> 
========================================================================
Received Import Request.
  path: Assets/Scripts/ExcelReading
  artifactKey: Guid(e6460a8236eaf174cb9bb9d8dcb92236) Importer(815301076,1909f56bfc062723c751e8b465ee728b)
Start importing Assets/Scripts/ExcelReading using Guid(e6460a8236eaf174cb9bb9d8dcb92236) Importer(815301076,1909f56bfc062723c751e8b465ee728b)  -> (artifact id: 'e6e21219ebad369e86f66645bce08ef0') in 0.006549 seconds 
========================================================================
Received Import Request.
  Time since last request: 26.579401 seconds.
  path: Assets/StreamingAssets/Data/Excels/Choose.xlsx
  artifactKey: Guid(13ec2053a831c8c4ab9872f177db7417) Importer(815301076,1909f56bfc062723c751e8b465ee728b)
Start importing Assets/StreamingAssets/Data/Excels/Choose.xlsx using Guid(13ec2053a831c8c4ab9872f177db7417) Importer(815301076,1909f56bfc062723c751e8b465ee728b)  -> (artifact id: 'b49e90bfc150045a4a5b575ed79f5b90') in 0.128071 seconds 
========================================================================
Received Import Request.
  Time since last request: 47.708781 seconds.
  path: Assets/StreamingAssets/Data/Excels/Choose.xlsx
  artifactKey: Guid(13ec2053a831c8c4ab9872f177db7417) Importer(815301076,1909f56bfc062723c751e8b465ee728b)
Start importing Assets/StreamingAssets/Data/Excels/Choose.xlsx using Guid(13ec2053a831c8c4ab9872f177db7417) Importer(815301076,1909f56bfc062723c751e8b465ee728b)  -> (artifact id: 'd8a0911cbde1602f5138337aa05bc65b') in 0.005156 seconds 
========================================================================
Received Import Request.
  Time since last request: 28.864305 seconds.
  path: Assets/StreamingAssets/Data/Excels/Choose.xlsx
  artifactKey: Guid(13ec2053a831c8c4ab9872f177db7417) Importer(815301076,1909f56bfc062723c751e8b465ee728b)
Start importing Assets/StreamingAssets/Data/Excels/Choose.xlsx using Guid(13ec2053a831c8c4ab9872f177db7417) Importer(815301076,1909f56bfc062723c751e8b465ee728b)  -> (artifact id: 'a4b720e1ef8fc4b5da73ae910677c80b') in 0.003585 seconds 
========================================================================
Received Import Request.
  Time since last request: 2.627951 seconds.
  path: Assets/Scripts/Items/1002-1.asset
  artifactKey: Guid(b153b9af0a7bf7148b521c7d3e7778fc) Importer(815301076,1909f56bfc062723c751e8b465ee728b)
Start importing Assets/Scripts/Items/1002-1.asset using Guid(b153b9af0a7bf7148b521c7d3e7778fc) Importer(815301076,1909f56bfc062723c751e8b465ee728b)  -> (artifact id: 'f11bbefc9bcb42ef63916b8cc0e895c9') in 0.013155 seconds 
========================================================================
Received Import Request.
  Time since last request: 12.141249 seconds.
  path: Assets/Scripts/Items/item7.asset
  artifactKey: Guid(5742c79085ead0e40ad53200f565e206) Importer(815301076,1909f56bfc062723c751e8b465ee728b)
Start importing Assets/Scripts/Items/item7.asset using Guid(5742c79085ead0e40ad53200f565e206) Importer(815301076,1909f56bfc062723c751e8b465ee728b)  -> (artifact id: '81bd06bcc316c894e186fc49e26ef2dd') in 0.003829 seconds 
========================================================================
Received Import Request.
  Time since last request: 1.478964 seconds.
  path: Assets/Scripts/Items/item8-1.asset
  artifactKey: Guid(ff31ea71c39f0f547a3fba7a407da9f1) Importer(815301076,1909f56bfc062723c751e8b465ee728b)
Start importing Assets/Scripts/Items/item8-1.asset using Guid(ff31ea71c39f0f547a3fba7a407da9f1) Importer(815301076,1909f56bfc062723c751e8b465ee728b)  -> (artifact id: '7acc1dcde00e2d4d442be620f910b17e') in 0.003803 seconds 
========================================================================
Received Import Request.
  Time since last request: 1.608936 seconds.
  path: Assets/Scripts/Items/item10.asset
  artifactKey: Guid(1f07f1a11d3e95d48896bc693d7a03e0) Importer(815301076,1909f56bfc062723c751e8b465ee728b)
Start importing Assets/Scripts/Items/item10.asset using Guid(1f07f1a11d3e95d48896bc693d7a03e0) Importer(815301076,1909f56bfc062723c751e8b465ee728b)  -> (artifact id: 'a7c29a892b9cf498cc4ef7f2e4f34000') in 0.005310 seconds 
========================================================================
Received Import Request.
  Time since last request: 10.597834 seconds.
  path: Assets/Scenes/1002.unity
  artifactKey: Guid(9b7e657be5167894e8d68b2be1a6d7f0) Importer(815301076,1909f56bfc062723c751e8b465ee728b)
Start importing Assets/Scenes/1002.unity using Guid(9b7e657be5167894e8d68b2be1a6d7f0) Importer(815301076,1909f56bfc062723c751e8b465ee728b)  -> (artifact id: '00b09fc641dc9d63aeb8c8c46522feaf') in 0.003549 seconds 
========================================================================
Received Import Request.
  Time since last request: 12.866526 seconds.
  path: Assets/Scenes/3005.unity
  artifactKey: Guid(578f8d3ebb0956b46a706531dc7616fb) Importer(815301076,1909f56bfc062723c751e8b465ee728b)
Start importing Assets/Scenes/3005.unity using Guid(578f8d3ebb0956b46a706531dc7616fb) Importer(815301076,1909f56bfc062723c751e8b465ee728b)  -> (artifact id: 'da2c57120529758f6bb34e4db18a0604') in 0.006950 seconds 
========================================================================
Received Import Request.
  Time since last request: 19.608658 seconds.
  path: Assets/Scenes/4004.unity
  artifactKey: Guid(39ba65df708da6e489e81afbf5847919) Importer(815301076,1909f56bfc062723c751e8b465ee728b)
Start importing Assets/Scenes/4004.unity using Guid(39ba65df708da6e489e81afbf5847919) Importer(815301076,1909f56bfc062723c751e8b465ee728b)  -> (artifact id: 'c9a739e997f87bda6f49b4b4d0e2d0bb') in 0.006119 seconds 
========================================================================
Received Import Request.
  Time since last request: 16.548015 seconds.
  path: Assets/Scenes/4005.unity
  artifactKey: Guid(bb2ae63fb1a907c4f97e81f34cba0cc8) Importer(815301076,1909f56bfc062723c751e8b465ee728b)
Start importing Assets/Scenes/4005.unity using Guid(bb2ae63fb1a907c4f97e81f34cba0cc8) Importer(815301076,1909f56bfc062723c751e8b465ee728b)  -> (artifact id: '9a90b68118278650f63594f166f1869a') in 0.003278 seconds 
========================================================================
Received Import Request.
  Time since last request: 7.585409 seconds.
  path: Assets/Scenes/5001.unity
  artifactKey: Guid(b76eb22363733cb48909f620290ac96e) Importer(815301076,1909f56bfc062723c751e8b465ee728b)
Start importing Assets/Scenes/5001.unity using Guid(b76eb22363733cb48909f620290ac96e) Importer(815301076,1909f56bfc062723c751e8b465ee728b)  -> (artifact id: '1044f13260c623f7f63359055fcf9458') in 0.003419 seconds 
========================================================================
Received Import Request.
  Time since last request: 9.191800 seconds.
  path: Assets/Scenes/5002.unity
  artifactKey: Guid(ba8b289e12dfe2241ba051e1bc031d0a) Importer(815301076,1909f56bfc062723c751e8b465ee728b)
Start importing Assets/Scenes/5002.unity using Guid(ba8b289e12dfe2241ba051e1bc031d0a) Importer(815301076,1909f56bfc062723c751e8b465ee728b)  -> (artifact id: '382e93952e34a9c95b1cf158fce578bf') in 0.006281 seconds 
========================================================================
Received Import Request.
  Time since last request: 1.416491 seconds.
  path: Assets/Scenes/5003.unity
  artifactKey: Guid(9fb0565dfd33dac41805c5b4cf94c217) Importer(815301076,1909f56bfc062723c751e8b465ee728b)
Start importing Assets/Scenes/5003.unity using Guid(9fb0565dfd33dac41805c5b4cf94c217) Importer(815301076,1909f56bfc062723c751e8b465ee728b)  -> (artifact id: '5372d33093f91f1f6cc23d8bfcdc591e') in 0.003735 seconds 
========================================================================
Received Import Request.
  Time since last request: 0.659478 seconds.
  path: Assets/Scenes/5004.unity
  artifactKey: Guid(d778ade103f82e346a0d92ec22fb78ad) Importer(815301076,1909f56bfc062723c751e8b465ee728b)
Start importing Assets/Scenes/5004.unity using Guid(d778ade103f82e346a0d92ec22fb78ad) Importer(815301076,1909f56bfc062723c751e8b465ee728b)  -> (artifact id: '022dd8b735808617651a4bf37e08ac75') in 0.005237 seconds 
========================================================================
Received Import Request.
  Time since last request: 0.941070 seconds.
  path: Assets/Scenes/5005.unity
  artifactKey: Guid(0bd522e9252eb544381c2d04d520b3ad) Importer(815301076,1909f56bfc062723c751e8b465ee728b)
Start importing Assets/Scenes/5005.unity using Guid(0bd522e9252eb544381c2d04d520b3ad) Importer(815301076,1909f56bfc062723c751e8b465ee728b)  -> (artifact id: 'bc746534d5f5fe852f42655b9e01da52') in 0.006349 seconds 
========================================================================
Received Import Request.
  Time since last request: 1.278372 seconds.
  path: Assets/Scenes/5006.unity
  artifactKey: Guid(b166b69f8f856334a85e0aa4d22cafe5) Importer(815301076,1909f56bfc062723c751e8b465ee728b)
Start importing Assets/Scenes/5006.unity using Guid(b166b69f8f856334a85e0aa4d22cafe5) Importer(815301076,1909f56bfc062723c751e8b465ee728b)  -> (artifact id: 'c3f662a58101f75908ea6f41605b5640') in 0.004413 seconds 
========================================================================
Received Import Request.
  Time since last request: 0.933563 seconds.
  path: Assets/Scenes/day1-2.unity
  artifactKey: Guid(454d55436b4c16a4b9572b0de4a9d5f1) Importer(815301076,1909f56bfc062723c751e8b465ee728b)
Start importing Assets/Scenes/day1-2.unity using Guid(454d55436b4c16a4b9572b0de4a9d5f1) Importer(815301076,1909f56bfc062723c751e8b465ee728b)  -> (artifact id: 'c0ab829687e8999275fba7e5e3f353c4') in 0.006299 seconds 
========================================================================
Received Import Request.
  Time since last request: 39.296403 seconds.
  path: Assets/Scenes/day3-4.unity
  artifactKey: Guid(0965d77217876b9499c2c988ffe4f508) Importer(815301076,1909f56bfc062723c751e8b465ee728b)
Start importing Assets/Scenes/day3-4.unity using Guid(0965d77217876b9499c2c988ffe4f508) Importer(815301076,1909f56bfc062723c751e8b465ee728b)  -> (artifact id: 'd98f945ebd3eb986e9a2799acd0ded8c') in 0.007052 seconds 
========================================================================
Received Import Request.
  Time since last request: 10.646784 seconds.
  path: Assets/Scenes/day5-6.unity
  artifactKey: Guid(97ade2d4cb147d14692403e7e5c16d30) Importer(815301076,1909f56bfc062723c751e8b465ee728b)
Start importing Assets/Scenes/day5-6.unity using Guid(97ade2d4cb147d14692403e7e5c16d30) Importer(815301076,1909f56bfc062723c751e8b465ee728b)  -> (artifact id: '9df93e07b239c6a6f038498dc4e52096') in 0.006253 seconds 
========================================================================
Received Import Request.
  Time since last request: 5.681459 seconds.
  path: Assets/Scenes/EndScene.unity
  artifactKey: Guid(9b23ae78d16d3064085b0dd6261b8171) Importer(815301076,1909f56bfc062723c751e8b465ee728b)
Start importing Assets/Scenes/EndScene.unity using Guid(9b23ae78d16d3064085b0dd6261b8171) Importer(815301076,1909f56bfc062723c751e8b465ee728b)  -> (artifact id: 'b5ca1531dd720cebf8024e1753ff0776') in 0.005375 seconds 
========================================================================
Received Prepare
Refreshing native plugins compatible for Editor in 5.94 ms, found 3 plugins.
Preloading 0 native plugins for Editor in 0.00 ms.
Unloading 22 Unused Serialized files (Serialized files now loaded: 0)
System memory in use before: 62.5 MB.
System memory in use after: 62.7 MB.

Unloading 22 unused Assets to reduce memory usage. Loaded Objects now: 3390.
Total: 5.417500 ms (FindLiveObjects: 0.311300 ms CreateObjectMapping: 0.186600 ms MarkObjects: 4.836700 ms  DeleteObjects: 0.081700 ms)

AssetImportParameters requested are different than current active one (requested -> active):
  custom:framework-win-MediaFoundation: 216162199b28c13a410421893ffa2e32 -> 
  custom:video-decoder-ogg-theora: a1e56fd34408186e4bbccfd4996cb3dc -> 
  custom:container-muxer-webm: aa71ff27fc2769a1b78a27578f13a17b -> 
  custom:container-demuxer-webm: 4f35f7cbe854078d1ac9338744f61a02 -> 
  custom:container-demuxer-ogg: 62fdf1f143b41e24485cea50d1cbac27 -> 
  custom:video-encoder-webm-vp8: eb34c28f22e8b96e1ab97ce403110664 -> 
  custom:video-codec-MediaFoundation-h265: 746d11721c4dcdbdad8f713fa42b33f4 -> 
  custom:video-decoder-webm-vp8: 9c59270c3fd7afecdb556c50c9e8de78 -> 
  custom:audio-decoder-ogg-vorbis: bf7c407c2cedff20999df2af8eb42d56 -> 
  custom:audio-encoder-webm-vorbis: bf7c407c2cedff20999df2af8eb42d56 -> 
AssetImportWorkerClient::OnTransportError - code=2 error=End of file
